{"/home/juancho/Programming/Tekton/api-product/src/data-source.ts": {"path":"/home/juancho/Programming/Tekton/api-product/src/data-source.ts","statementMap":{"0":{"start":{"line":1,"column":0},"end":{"line":1,"column":36}},"1":{"start":{"line":2,"column":0},"end":{"line":2,"column":47}},"2":{"start":{"line":4,"column":0},"end":{"line":4,"column":57}},"3":{"start":{"line":5,"column":0},"end":{"line":5,"column":59}},"4":{"start":{"line":7,"column":0},"end":{"line":7,"column":32}},"5":{"start":{"line":10,"column":24},"end":{"line":10,"column":55}},"6":{"start":{"line":11,"column":0},"end":{"line":13,"column":null}},"7":{"start":{"line":12,"column":2},"end":{"line":12,"column":null}},"8":{"start":{"line":15,"column":21},"end":{"line":15,"column":97}},"9":{"start":{"line":16,"column":21},"end":{"line":16,"column":90}},"10":{"start":{"line":17,"column":25},"end":{"line":17,"column":101}},"11":{"start":{"line":18,"column":25},"end":{"line":18,"column":101}},"12":{"start":{"line":19,"column":25},"end":{"line":19,"column":93}},"13":{"start":{"line":21,"column":13},"end":{"line":35,"column":null}},"14":{"start":{"line":37,"column":13},"end":{"line":37,"column":null}}},"fnMap":{},"branchMap":{"0":{"loc":{"start":{"line":11,"column":0},"end":{"line":13,"column":null}},"type":"if","locations":[{"start":{"line":11,"column":0},"end":{"line":13,"column":null}}]},"1":{"loc":{"start":{"line":11,"column":4},"end":{"line":11,"column":43}},"type":"binary-expr","locations":[{"start":{"line":11,"column":4},"end":{"line":11,"column":21}},{"start":{"line":11,"column":25},"end":{"line":11,"column":43}}]},"2":{"loc":{"start":{"line":15,"column":41},"end":{"line":15,"column":96}},"type":"cond-expr","locations":[{"start":{"line":15,"column":62},"end":{"line":15,"column":80}},{"start":{"line":15,"column":83},"end":{"line":15,"column":96}}]},"3":{"loc":{"start":{"line":16,"column":42},"end":{"line":16,"column":89}},"type":"cond-expr","locations":[{"start":{"line":16,"column":63},"end":{"line":16,"column":77}},{"start":{"line":16,"column":80},"end":{"line":16,"column":89}}]},"4":{"loc":{"start":{"line":17,"column":45},"end":{"line":17,"column":100}},"type":"cond-expr","locations":[{"start":{"line":17,"column":66},"end":{"line":17,"column":84}},{"start":{"line":17,"column":87},"end":{"line":17,"column":100}}]},"5":{"loc":{"start":{"line":18,"column":45},"end":{"line":18,"column":100}},"type":"cond-expr","locations":[{"start":{"line":18,"column":66},"end":{"line":18,"column":84}},{"start":{"line":18,"column":87},"end":{"line":18,"column":100}}]},"6":{"loc":{"start":{"line":19,"column":45},"end":{"line":19,"column":92}},"type":"cond-expr","locations":[{"start":{"line":19,"column":66},"end":{"line":19,"column":80}},{"start":{"line":19,"column":83},"end":{"line":19,"column":92}}]}},"s":{"0":3,"1":3,"2":3,"3":3,"4":3,"5":3,"6":3,"7":3,"8":3,"9":3,"10":3,"11":3,"12":3,"13":3,"14":3},"f":{},"b":{"0":[3],"1":[3,3],"2":[3,0],"3":[3,0],"4":[3,0],"5":[3,0],"6":[3,0]}}
,"/home/juancho/Programming/Tekton/api-product/src/helpers.ts": {"path":"/home/juancho/Programming/Tekton/api-product/src/helpers.ts","statementMap":{"0":{"start":{"line":1,"column":0},"end":{"line":1,"column":29}},"1":{"start":{"line":3,"column":35},"end":{"line":13,"column":1}},"2":{"start":{"line":4,"column":2},"end":{"line":6,"column":null}},"3":{"start":{"line":5,"column":4},"end":{"line":5,"column":null}},"4":{"start":{"line":7,"column":27},"end":{"line":7,"column":47}},"5":{"start":{"line":8,"column":2},"end":{"line":12,"column":null}},"6":{"start":{"line":9,"column":4},"end":{"line":9,"column":null}},"7":{"start":{"line":11,"column":4},"end":{"line":11,"column":null}},"8":{"start":{"line":3,"column":13},"end":{"line":3,"column":35}}},"fnMap":{"0":{"name":"(anonymous_0)","decl":{"start":{"line":3,"column":35},"end":{"line":3,"column":36}},"loc":{"start":{"line":3,"column":65},"end":{"line":13,"column":1}}}},"branchMap":{"0":{"loc":{"start":{"line":4,"column":2},"end":{"line":6,"column":null}},"type":"if","locations":[{"start":{"line":4,"column":2},"end":{"line":6,"column":null}}]},"1":{"loc":{"start":{"line":7,"column":27},"end":{"line":7,"column":47}},"type":"cond-expr","locations":[{"start":{"line":7,"column":41},"end":{"line":7,"column":45}},{"start":{"line":7,"column":45},"end":{"line":7,"column":47}}]},"2":{"loc":{"start":{"line":7,"column":27},"end":{"line":7,"column":45}},"type":"binary-expr","locations":[{"start":{"line":7,"column":27},"end":{"line":7,"column":45}},{"start":{"line":7,"column":41},"end":{"line":7,"column":45}}]},"3":{"loc":{"start":{"line":8,"column":2},"end":{"line":12,"column":null}},"type":"if","locations":[{"start":{"line":8,"column":2},"end":{"line":12,"column":null}},{"start":{"line":10,"column":9},"end":{"line":12,"column":null}}]},"4":{"loc":{"start":{"line":8,"column":6},"end":{"line":8,"column":72}},"type":"binary-expr","locations":[{"start":{"line":8,"column":6},"end":{"line":8,"column":28}},{"start":{"line":8,"column":32},"end":{"line":8,"column":49}},{"start":{"line":8,"column":53},"end":{"line":8,"column":72}}]}},"s":{"0":4,"1":4,"2":21,"3":1,"4":20,"5":20,"6":20,"7":0,"8":4},"f":{"0":21},"b":{"0":[1],"1":[20,0],"2":[20,20],"3":[20,0],"4":[20,20,20]}}
,"/home/juancho/Programming/Tekton/api-product/src/entities/category.entity.ts": {"path":"/home/juancho/Programming/Tekton/api-product/src/entities/category.entity.ts","statementMap":{"0":{"start":{"line":2,"column":0},"end":{"line":2,"column":75}},"1":{"start":{"line":3,"column":0},"end":{"line":3,"column":48}},"2":{"start":{"line":6,"column":7},"end":{"line":26,"column":null}},"3":{"start":{"line":7,"column":2},"end":{"line":8,"column":null}},"4":{"start":{"line":10,"column":2},"end":{"line":14,"column":null}},"5":{"start":{"line":16,"column":2},"end":{"line":19,"column":null}},"6":{"start":{"line":21,"column":2},"end":{"line":25,"column":null}},"7":{"start":{"line":22,"column":10},"end":{"line":22,"column":23}},"8":{"start":{"line":23,"column":17},"end":{"line":23,"column":39}},"9":{"start":{"line":6,"column":13},"end":{"line":26,"column":null}},"10":{"start":{"line":6,"column":13},"end":{"line":6,"column":27}}},"fnMap":{"0":{"name":"(anonymous_2)","decl":{"start":{"line":22,"column":4},"end":{"line":22,"column":7}},"loc":{"start":{"line":22,"column":10},"end":{"line":22,"column":23}}},"1":{"name":"(anonymous_3)","decl":{"start":{"line":23,"column":4},"end":{"line":23,"column":5}},"loc":{"start":{"line":23,"column":17},"end":{"line":23,"column":39}}}},"branchMap":{},"s":{"0":3,"1":3,"2":3,"3":3,"4":3,"5":3,"6":3,"7":3,"8":3,"9":3,"10":3},"f":{"0":3,"1":3},"b":{}}
,"/home/juancho/Programming/Tekton/api-product/src/entities/product.entity.ts": {"path":"/home/juancho/Programming/Tekton/api-product/src/entities/product.entity.ts","statementMap":{"0":{"start":{"line":2,"column":0},"end":{"line":2,"column":75}},"1":{"start":{"line":3,"column":0},"end":{"line":3,"column":50}},"2":{"start":{"line":6,"column":7},"end":{"line":51,"column":null}},"3":{"start":{"line":7,"column":2},"end":{"line":8,"column":null}},"4":{"start":{"line":10,"column":2},"end":{"line":14,"column":null}},"5":{"start":{"line":16,"column":2},"end":{"line":19,"column":null}},"6":{"start":{"line":21,"column":2},"end":{"line":25,"column":null}},"7":{"start":{"line":27,"column":2},"end":{"line":30,"column":null}},"8":{"start":{"line":32,"column":2},"end":{"line":37,"column":null}},"9":{"start":{"line":39,"column":2},"end":{"line":44,"column":null}},"10":{"start":{"line":46,"column":2},"end":{"line":50,"column":null}},"11":{"start":{"line":47,"column":10},"end":{"line":47,"column":24}},"12":{"start":{"line":48,"column":24},"end":{"line":48,"column":47}},"13":{"start":{"line":6,"column":13},"end":{"line":51,"column":null}},"14":{"start":{"line":6,"column":13},"end":{"line":6,"column":26}}},"fnMap":{"0":{"name":"(anonymous_2)","decl":{"start":{"line":47,"column":4},"end":{"line":47,"column":7}},"loc":{"start":{"line":47,"column":10},"end":{"line":47,"column":24}}},"1":{"name":"(anonymous_3)","decl":{"start":{"line":48,"column":4},"end":{"line":48,"column":5}},"loc":{"start":{"line":48,"column":24},"end":{"line":48,"column":47}}}},"branchMap":{},"s":{"0":3,"1":3,"2":3,"3":3,"4":3,"5":3,"6":3,"7":3,"8":3,"9":3,"10":3,"11":3,"12":3,"13":3,"14":3},"f":{"0":3,"1":3},"b":{}}
,"/home/juancho/Programming/Tekton/api-product/src/services/category.service.ts": {"path":"/home/juancho/Programming/Tekton/api-product/src/services/category.service.ts","statementMap":{"0":{"start":{"line":1,"column":0},"end":{"line":1,"column":51}},"1":{"start":{"line":2,"column":0},"end":{"line":2,"column":60}},"2":{"start":{"line":4,"column":24},"end":{"line":52,"column":null}},"3":{"start":{"line":5,"column":70},"end":{"line":14,"column":null}},"4":{"start":{"line":6,"column":4},"end":{"line":13,"column":null}},"5":{"start":{"line":7,"column":26},"end":{"line":9,"column":23}},"6":{"start":{"line":10,"column":6},"end":{"line":10,"column":null}},"7":{"start":{"line":12,"column":6},"end":{"line":12,"column":null}},"8":{"start":{"line":15,"column":22},"end":{"line":24,"column":null}},"9":{"start":{"line":16,"column":4},"end":{"line":23,"column":null}},"10":{"start":{"line":17,"column":25},"end":{"line":19,"column":15}},"11":{"start":{"line":20,"column":6},"end":{"line":20,"column":null}},"12":{"start":{"line":22,"column":6},"end":{"line":22,"column":null}},"13":{"start":{"line":25,"column":58},"end":{"line":38,"column":null}},"14":{"start":{"line":26,"column":4},"end":{"line":37,"column":null}},"15":{"start":{"line":27,"column":23},"end":{"line":29,"column":26}},"16":{"start":{"line":30,"column":6},"end":{"line":34,"column":null}},"17":{"start":{"line":31,"column":8},"end":{"line":31,"column":null}},"18":{"start":{"line":33,"column":8},"end":{"line":33,"column":null}},"19":{"start":{"line":36,"column":6},"end":{"line":36,"column":null}},"20":{"start":{"line":39,"column":52},"end":{"line":51,"column":null}},"21":{"start":{"line":40,"column":4},"end":{"line":50,"column":null}},"22":{"start":{"line":41,"column":21},"end":{"line":46,"column":18}},"23":{"start":{"line":47,"column":6},"end":{"line":47,"column":null}},"24":{"start":{"line":49,"column":6},"end":{"line":49,"column":null}},"25":{"start":{"line":54,"column":0},"end":{"line":54,"column":null}}},"fnMap":{"0":{"name":"(anonymous_7)","decl":{"start":{"line":5,"column":10},"end":{"line":5,"column":17}},"loc":{"start":{"line":5,"column":70},"end":{"line":14,"column":null}}},"1":{"name":"(anonymous_8)","decl":{"start":{"line":5,"column":70},"end":{"line":5,"column":null}},"loc":{"start":{"line":5,"column":70},"end":{"line":14,"column":3}}},"2":{"name":"(anonymous_9)","decl":{"start":{"line":15,"column":11},"end":{"line":15,"column":20}},"loc":{"start":{"line":15,"column":22},"end":{"line":24,"column":null}}},"3":{"name":"(anonymous_10)","decl":{"start":{"line":15,"column":22},"end":{"line":15,"column":null}},"loc":{"start":{"line":15,"column":22},"end":{"line":24,"column":3}}},"4":{"name":"(anonymous_11)","decl":{"start":{"line":25,"column":12},"end":{"line":25,"column":19}},"loc":{"start":{"line":25,"column":58},"end":{"line":38,"column":null}}},"5":{"name":"(anonymous_12)","decl":{"start":{"line":25,"column":58},"end":{"line":25,"column":null}},"loc":{"start":{"line":25,"column":58},"end":{"line":38,"column":3}}},"6":{"name":"(anonymous_13)","decl":{"start":{"line":39,"column":14},"end":{"line":39,"column":21}},"loc":{"start":{"line":39,"column":52},"end":{"line":51,"column":null}}},"7":{"name":"(anonymous_14)","decl":{"start":{"line":39,"column":52},"end":{"line":39,"column":null}},"loc":{"start":{"line":39,"column":52},"end":{"line":51,"column":3}}}},"branchMap":{"0":{"loc":{"start":{"line":30,"column":6},"end":{"line":34,"column":null}},"type":"if","locations":[{"start":{"line":30,"column":6},"end":{"line":34,"column":null}},{"start":{"line":32,"column":13},"end":{"line":34,"column":null}}]}},"s":{"0":1,"1":1,"2":1,"3":1,"4":1,"5":1,"6":1,"7":0,"8":1,"9":1,"10":1,"11":1,"12":0,"13":2,"14":2,"15":2,"16":2,"17":2,"18":0,"19":0,"20":1,"21":1,"22":1,"23":1,"24":0,"25":1},"f":{"0":1,"1":1,"2":1,"3":1,"4":2,"5":2,"6":1,"7":1},"b":{"0":[2,0]}}
,"/home/juancho/Programming/Tekton/api-product/src/services/product.service.ts": {"path":"/home/juancho/Programming/Tekton/api-product/src/services/product.service.ts","statementMap":{"0":{"start":{"line":2,"column":0},"end":{"line":2,"column":51}},"1":{"start":{"line":3,"column":0},"end":{"line":3,"column":58}},"2":{"start":{"line":5,"column":23},"end":{"line":48,"column":null}},"3":{"start":{"line":6,"column":67},"end":{"line":12,"column":null}},"4":{"start":{"line":7,"column":4},"end":{"line":11,"column":null}},"5":{"start":{"line":8,"column":6},"end":{"line":8,"column":null}},"6":{"start":{"line":10,"column":6},"end":{"line":10,"column":null}},"7":{"start":{"line":13,"column":48},"end":{"line":20,"column":null}},"8":{"start":{"line":14,"column":4},"end":{"line":19,"column":null}},"9":{"start":{"line":15,"column":23},"end":{"line":15,"column":83}},"10":{"start":{"line":16,"column":6},"end":{"line":16,"column":null}},"11":{"start":{"line":18,"column":6},"end":{"line":18,"column":null}},"12":{"start":{"line":21,"column":57},"end":{"line":34,"column":null}},"13":{"start":{"line":22,"column":4},"end":{"line":33,"column":null}},"14":{"start":{"line":23,"column":44},"end":{"line":25,"column":26}},"15":{"start":{"line":26,"column":6},"end":{"line":30,"column":null}},"16":{"start":{"line":27,"column":8},"end":{"line":27,"column":null}},"17":{"start":{"line":29,"column":8},"end":{"line":29,"column":null}},"18":{"start":{"line":32,"column":6},"end":{"line":32,"column":null}},"19":{"start":{"line":35,"column":75},"end":{"line":47,"column":null}},"20":{"start":{"line":36,"column":4},"end":{"line":46,"column":null}},"21":{"start":{"line":37,"column":21},"end":{"line":42,"column":18}},"22":{"start":{"line":43,"column":6},"end":{"line":43,"column":null}},"23":{"start":{"line":45,"column":6},"end":{"line":45,"column":null}},"24":{"start":{"line":50,"column":0},"end":{"line":50,"column":null}}},"fnMap":{"0":{"name":"(anonymous_7)","decl":{"start":{"line":6,"column":10},"end":{"line":6,"column":17}},"loc":{"start":{"line":6,"column":67},"end":{"line":12,"column":null}}},"1":{"name":"(anonymous_8)","decl":{"start":{"line":6,"column":67},"end":{"line":6,"column":null}},"loc":{"start":{"line":6,"column":67},"end":{"line":12,"column":3}}},"2":{"name":"(anonymous_9)","decl":{"start":{"line":13,"column":11},"end":{"line":13,"column":46}},"loc":{"start":{"line":13,"column":48},"end":{"line":20,"column":null}}},"3":{"name":"(anonymous_10)","decl":{"start":{"line":13,"column":48},"end":{"line":13,"column":null}},"loc":{"start":{"line":13,"column":48},"end":{"line":20,"column":3}}},"4":{"name":"(anonymous_11)","decl":{"start":{"line":21,"column":12},"end":{"line":21,"column":19}},"loc":{"start":{"line":21,"column":57},"end":{"line":34,"column":null}}},"5":{"name":"(anonymous_12)","decl":{"start":{"line":21,"column":57},"end":{"line":21,"column":null}},"loc":{"start":{"line":21,"column":57},"end":{"line":34,"column":3}}},"6":{"name":"(anonymous_13)","decl":{"start":{"line":35,"column":14},"end":{"line":35,"column":21}},"loc":{"start":{"line":35,"column":75},"end":{"line":47,"column":null}}},"7":{"name":"(anonymous_14)","decl":{"start":{"line":35,"column":75},"end":{"line":35,"column":null}},"loc":{"start":{"line":35,"column":75},"end":{"line":47,"column":3}}}},"branchMap":{"0":{"loc":{"start":{"line":26,"column":6},"end":{"line":30,"column":null}},"type":"if","locations":[{"start":{"line":26,"column":6},"end":{"line":30,"column":null}},{"start":{"line":28,"column":13},"end":{"line":30,"column":null}}]}},"s":{"0":1,"1":1,"2":1,"3":2,"4":2,"5":2,"6":0,"7":1,"8":1,"9":1,"10":1,"11":0,"12":2,"13":2,"14":2,"15":2,"16":2,"17":0,"18":0,"19":1,"20":1,"21":1,"22":1,"23":0,"24":1},"f":{"0":2,"1":2,"2":1,"3":1,"4":2,"5":2,"6":1,"7":1},"b":{"0":[2,0]}}
}
