{"/home/juancho/Programming/Tekton/api-product/src/data-source.ts": {"path":"/home/juancho/Programming/Tekton/api-product/src/data-source.ts","statementMap":{"0":{"start":{"line":1,"column":0},"end":{"line":1,"column":36}},"1":{"start":{"line":2,"column":0},"end":{"line":2,"column":47}},"2":{"start":{"line":3,"column":0},"end":{"line":3,"column":57}},"3":{"start":{"line":5,"column":0},"end":{"line":5,"column":32}},"4":{"start":{"line":7,"column":0},"end":{"line":9,"column":null}},"5":{"start":{"line":8,"column":2},"end":{"line":8,"column":null}},"6":{"start":{"line":11,"column":21},"end":{"line":11,"column":55}},"7":{"start":{"line":12,"column":21},"end":{"line":12,"column":52}},"8":{"start":{"line":13,"column":25},"end":{"line":13,"column":59}},"9":{"start":{"line":14,"column":25},"end":{"line":14,"column":59}},"10":{"start":{"line":15,"column":25},"end":{"line":15,"column":55}},"11":{"start":{"line":17,"column":13},"end":{"line":29,"column":null}},"12":{"start":{"line":31,"column":13},"end":{"line":31,"column":null}}},"fnMap":{},"branchMap":{"0":{"loc":{"start":{"line":7,"column":0},"end":{"line":9,"column":null}},"type":"if","locations":[{"start":{"line":7,"column":0},"end":{"line":9,"column":null}}]}},"s":{"0":1,"1":1,"2":1,"3":1,"4":1,"5":1,"6":1,"7":1,"8":1,"9":1,"10":1,"11":1,"12":1},"f":{},"b":{"0":[1]}}
,"/home/juancho/Programming/Tekton/api-product/src/helpers.ts": {"path":"/home/juancho/Programming/Tekton/api-product/src/helpers.ts","statementMap":{"0":{"start":{"line":1,"column":0},"end":{"line":1,"column":29}},"1":{"start":{"line":3,"column":35},"end":{"line":13,"column":1}},"2":{"start":{"line":4,"column":2},"end":{"line":6,"column":null}},"3":{"start":{"line":5,"column":4},"end":{"line":5,"column":null}},"4":{"start":{"line":7,"column":27},"end":{"line":7,"column":47}},"5":{"start":{"line":8,"column":2},"end":{"line":12,"column":null}},"6":{"start":{"line":9,"column":4},"end":{"line":9,"column":null}},"7":{"start":{"line":11,"column":4},"end":{"line":11,"column":null}},"8":{"start":{"line":3,"column":13},"end":{"line":3,"column":35}}},"fnMap":{"0":{"name":"(anonymous_0)","decl":{"start":{"line":3,"column":35},"end":{"line":3,"column":36}},"loc":{"start":{"line":3,"column":65},"end":{"line":13,"column":1}}}},"branchMap":{"0":{"loc":{"start":{"line":4,"column":2},"end":{"line":6,"column":null}},"type":"if","locations":[{"start":{"line":4,"column":2},"end":{"line":6,"column":null}}]},"1":{"loc":{"start":{"line":7,"column":27},"end":{"line":7,"column":47}},"type":"cond-expr","locations":[{"start":{"line":7,"column":41},"end":{"line":7,"column":45}},{"start":{"line":7,"column":45},"end":{"line":7,"column":47}}]},"2":{"loc":{"start":{"line":7,"column":27},"end":{"line":7,"column":45}},"type":"binary-expr","locations":[{"start":{"line":7,"column":27},"end":{"line":7,"column":45}},{"start":{"line":7,"column":41},"end":{"line":7,"column":45}}]},"3":{"loc":{"start":{"line":8,"column":2},"end":{"line":12,"column":null}},"type":"if","locations":[{"start":{"line":8,"column":2},"end":{"line":12,"column":null}},{"start":{"line":10,"column":9},"end":{"line":12,"column":null}}]},"4":{"loc":{"start":{"line":8,"column":6},"end":{"line":8,"column":72}},"type":"binary-expr","locations":[{"start":{"line":8,"column":6},"end":{"line":8,"column":28}},{"start":{"line":8,"column":32},"end":{"line":8,"column":49}},{"start":{"line":8,"column":53},"end":{"line":8,"column":72}}]}},"s":{"0":2,"1":2,"2":8,"3":1,"4":7,"5":7,"6":7,"7":0,"8":2},"f":{"0":8},"b":{"0":[1],"1":[7,0],"2":[7,7],"3":[7,0],"4":[7,7,7]}}
}
