TN:
SF:src/data-source.ts
FNF:0
FNH:0
DA:1,3
DA:2,3
DA:4,3
DA:5,3
DA:7,3
DA:10,3
DA:11,3
DA:12,3
DA:15,3
DA:16,3
DA:17,3
DA:18,3
DA:19,3
DA:21,3
DA:37,3
LF:15
LH:15
BRDA:11,0,0,3
BRDA:11,1,0,3
BRDA:11,1,1,3
BRDA:15,2,0,3
BRDA:15,2,1,0
BRDA:16,3,0,3
BRDA:16,3,1,0
BRDA:17,4,0,3
BRDA:17,4,1,0
BRDA:18,5,0,3
BRDA:18,5,1,0
BRDA:19,6,0,3
BRDA:19,6,1,0
BRF:13
BRH:8
end_of_record
TN:
SF:src/entities/category.entity.ts
FN:22,(anonymous_2)
FN:23,(anonymous_3)
FNF:2
FNH:2
FNDA:2,(anonymous_2)
FNDA:2,(anonymous_3)
DA:2,3
DA:3,3
DA:6,3
DA:7,3
DA:10,3
DA:16,3
DA:21,3
DA:22,2
DA:23,2
LF:9
LH:9
BRF:0
BRH:0
end_of_record
TN:
SF:src/entities/product.entity.ts
FN:47,(anonymous_2)
FN:48,(anonymous_3)
FNF:2
FNH:2
FNDA:2,(anonymous_2)
FNDA:2,(anonymous_3)
DA:2,3
DA:3,3
DA:6,3
DA:7,3
DA:10,3
DA:16,3
DA:21,3
DA:27,3
DA:32,3
DA:39,3
DA:46,3
DA:47,2
DA:48,2
LF:13
LH:13
BRF:0
BRH:0
end_of_record
TN:
SF:src/services/category.service.ts
FN:5,(anonymous_7)
FN:5,(anonymous_8)
FN:15,(anonymous_9)
FN:15,(anonymous_10)
FN:25,(anonymous_11)
FN:25,(anonymous_12)
FN:39,(anonymous_13)
FN:39,(anonymous_14)
FNF:8
FNH:8
FNDA:1,(anonymous_7)
FNDA:1,(anonymous_8)
FNDA:1,(anonymous_9)
FNDA:1,(anonymous_10)
FNDA:2,(anonymous_11)
FNDA:2,(anonymous_12)
FNDA:1,(anonymous_13)
FNDA:1,(anonymous_14)
DA:1,1
DA:2,1
DA:4,1
DA:5,1
DA:6,1
DA:7,1
DA:10,1
DA:12,0
DA:15,1
DA:16,1
DA:17,1
DA:20,1
DA:22,0
DA:25,2
DA:26,2
DA:27,2
DA:30,2
DA:31,2
DA:33,0
DA:36,0
DA:39,1
DA:40,1
DA:41,1
DA:47,1
DA:49,0
DA:54,1
LF:26
LH:21
BRDA:30,0,0,2
BRDA:30,0,1,0
BRF:2
BRH:1
end_of_record
TN:
SF:src/services/product.service.ts
FN:6,(anonymous_7)
FN:6,(anonymous_8)
FN:13,(anonymous_9)
FN:13,(anonymous_10)
FN:21,(anonymous_11)
FN:21,(anonymous_12)
FN:35,(anonymous_13)
FN:35,(anonymous_14)
FNF:8
FNH:8
FNDA:2,(anonymous_7)
FNDA:2,(anonymous_8)
FNDA:1,(anonymous_9)
FNDA:1,(anonymous_10)
FNDA:2,(anonymous_11)
FNDA:2,(anonymous_12)
FNDA:1,(anonymous_13)
FNDA:1,(anonymous_14)
DA:2,1
DA:3,1
DA:5,1
DA:6,2
DA:7,2
DA:8,2
DA:10,0
DA:13,1
DA:14,1
DA:15,1
DA:16,1
DA:18,0
DA:21,2
DA:22,2
DA:23,2
DA:26,2
DA:27,2
DA:29,0
DA:32,0
DA:35,1
DA:36,1
DA:37,1
DA:43,1
DA:45,0
DA:50,1
LF:25
LH:20
BRDA:26,0,0,2
BRDA:26,0,1,0
BRF:2
BRH:1
end_of_record
TN:
SF:src/services/remote.service.ts
FN:6,(anonymous_7)
FN:6,(anonymous_8)
FN:13,(anonymous_9)
FN:13,(anonymous_10)
FN:22,(anonymous_11)
FN:22,(anonymous_12)
FNF:6
FNH:4
FNDA:0,(anonymous_7)
FNDA:0,(anonymous_8)
FNDA:1,(anonymous_9)
FNDA:1,(anonymous_10)
FNDA:1,(anonymous_11)
FNDA:1,(anonymous_12)
DA:2,1
DA:3,1
DA:5,1
DA:6,0
DA:7,0
DA:8,0
DA:10,0
DA:13,1
DA:14,1
DA:15,1
DA:16,1
DA:17,1
DA:19,0
DA:22,1
DA:23,1
DA:24,1
DA:25,1
DA:26,1
DA:27,1
DA:29,0
DA:32,0
DA:37,1
LF:22
LH:15
BRDA:26,0,0,1
BRDA:26,0,1,0
BRF:2
BRH:1
end_of_record
